<?xml version="1.0" encoding="UTF-8"?>
<!-- Generated by org.testng.reporters.JUnitReportReporter -->
<testsuite skipped="0" hostname="Basu-PC" name="com.inetbanking.testCases.TC_LoginTest_001" tests="1" failures="0" timestamp="2019-09-19T23:42:34 IST" time="27.235" errors="0">
  <testcase name="loginTest" time="27.235" classname="com.inetbanking.testCases.TC_LoginTest_001"/>
</testsuite> <!-- com.inetbanking.testCases.TC_LoginTest_001 -->
